2025-05-14 17:23:52,175 - websocket - INFO - User Guest Player (68246d364c5b8d3e488b5cec) connected to waiting room.
2025-05-14 17:25:23,490 - websocket - INFO - User Guest Player disconnected from waiting room.
2025-05-14 17:28:37,852 - websocket - INFO - User Guest Player (68246d364c5b8d3e488b5cec) connected to waiting room.
2025-05-14 17:28:39,079 - websocket - INFO - User Guest Player disconnected from waiting room.
2025-05-14 20:50:25,436 - websocket - INFO - User Guest Player (68249cb32b0014707e8bb674) connected to waiting room.
2025-05-14 20:50:26,706 - websocket - INFO - User Guest Player disconnected from waiting room.
2025-05-14 20:50:39,013 - websocket - INFO - User Guest Player (68249cb32b0014707e8bb674) connected to waiting room.
2025-05-14 20:50:52,341 - websocket - INFO - User Guest Player disconnected from waiting room.
2025-05-14 20:50:54,657 - websocket - INFO - User Guest Player (68249cb32b0014707e8bb674) connected to waiting room.
2025-05-14 20:51:09,753 - websocket - INFO - User Guest Player disconnected from waiting room.
2025-05-14 20:51:14,032 - websocket - INFO - User Guest Player (68249cb32b0014707e8bb674) connected to waiting room.
2025-05-14 20:51:22,892 - websocket - INFO - User Guest Player (68249fd92b0014707e8bb676) connected to waiting room.
2025-05-14 20:52:07,380 - websocket - INFO - User Guest Player disconnected from waiting room.
2025-05-14 20:52:07,423 - websocket - INFO - User Guest Player disconnected from waiting room.
2025-05-14 20:52:07,752 - websocket - INFO - User Guest Player (68249fd92b0014707e8bb676) connected to waiting room.
2025-05-14 20:52:07,776 - websocket - INFO - User Guest Player (68249cb32b0014707e8bb674) connected to waiting room.
2025-05-14 20:52:08,371 - websocket - INFO - User Guest Player disconnected from waiting room.
2025-05-14 20:52:08,379 - websocket - INFO - User Guest Player disconnected from waiting room.
2025-05-14 20:52:08,745 - websocket - INFO - User Guest Player (68249cb32b0014707e8bb674) connected to waiting room.
2025-05-14 20:52:08,762 - websocket - INFO - User Guest Player (68249fd92b0014707e8bb676) connected to waiting room.
2025-05-14 20:52:10,728 - websocket - INFO - User Guest Player disconnected from waiting room.
2025-05-14 20:52:10,733 - websocket - INFO - User Guest Player disconnected from waiting room.
2025-05-14 20:52:11,100 - websocket - INFO - User Guest Player (68249fd92b0014707e8bb676) connected to waiting room.
2025-05-14 20:52:11,120 - websocket - INFO - User Guest Player (68249cb32b0014707e8bb674) connected to waiting room.
2025-05-14 20:52:11,677 - websocket - INFO - User Guest Player (68249fd92b0014707e8bb676) connected to waiting room.
2025-05-14 20:52:11,690 - websocket - INFO - User Guest Player (68249cb32b0014707e8bb674) connected to waiting room.
2025-05-14 20:52:12,667 - websocket - INFO - User Guest Player (68249fd92b0014707e8bb676) connected to waiting room.
2025-05-14 20:52:12,690 - websocket - INFO - User Guest Player (68249cb32b0014707e8bb674) connected to waiting room.
2025-05-14 20:52:14,683 - websocket - INFO - User Guest Player (68249fd92b0014707e8bb676) connected to waiting room.
2025-05-14 20:52:14,704 - websocket - INFO - User Guest Player (68249cb32b0014707e8bb674) connected to waiting room.
2025-05-14 20:52:30,910 - websocket - INFO - User Guest Player disconnected from waiting room.
2025-05-14 20:52:30,912 - websocket - INFO - User Guest Player disconnected from waiting room.
2025-05-14 20:52:31,330 - websocket - INFO - User Guest Player (68249fd92b0014707e8bb676) connected to waiting room.
2025-05-14 20:52:31,330 - websocket - INFO - User Guest Player (68249cb32b0014707e8bb674) connected to waiting room.
2025-05-14 20:52:34,120 - websocket - INFO - User Guest Player disconnected from waiting room.
2025-05-14 20:52:34,693 - websocket - INFO - User Guest Player (68249fd92b0014707e8bb676) connected to waiting room.
2025-05-14 20:52:36,397 - websocket - INFO - User Guest Player (68249cb32b0014707e8bb674) connected to waiting room.
2025-05-14 20:53:14,439 - websocket - INFO - User Guest Player disconnected from waiting room.
2025-05-14 20:53:14,445 - websocket - INFO - User Guest Player disconnected from waiting room.
2025-05-14 20:53:14,827 - websocket - INFO - User Guest Player (68249fd92b0014707e8bb676) connected to waiting room.
2025-05-14 20:53:14,850 - websocket - INFO - User Guest Player (68249cb32b0014707e8bb674) connected to waiting room.
2025-05-14 20:53:17,836 - websocket - INFO - User Guest Player (68249cb32b0014707e8bb674) connected to waiting room.
2025-05-14 20:53:18,687 - websocket - INFO - User Guest Player (68249fd92b0014707e8bb676) connected to waiting room.
2025-05-14 20:53:32,047 - websocket - INFO - User Guest Player disconnected from waiting room.
2025-05-14 20:53:32,094 - websocket - INFO - User Guest Player disconnected from waiting room.
2025-05-14 20:53:36,479 - websocket - INFO - User Guest Player (68249fd92b0014707e8bb676) connected to waiting room.
2025-05-14 20:53:36,670 - websocket - INFO - User Guest Player (68249fd92b0014707e8bb676) connected to waiting room.
2025-05-14 20:53:36,733 - websocket - INFO - User Guest Player (68249fd92b0014707e8bb676) connected to waiting room.
2025-05-14 20:53:36,795 - websocket - INFO - User Guest Player (68249fd92b0014707e8bb676) connected to waiting room.
2025-05-14 20:53:36,863 - websocket - INFO - User Guest Player (68249fd92b0014707e8bb676) connected to waiting room.
2025-05-14 20:53:37,316 - websocket - INFO - User Guest Player (68249fd92b0014707e8bb676) connected to waiting room.
2025-05-14 20:53:37,808 - websocket - INFO - User Guest Player (68249cb32b0014707e8bb674) connected to waiting room.
2025-05-14 20:53:46,233 - websocket - INFO - User Guest Player disconnected from waiting room.
2025-05-14 20:53:48,564 - websocket - INFO - User Guest Player (68249fda2b0014707e8bb677) connected to waiting room.
2025-05-14 20:54:07,422 - websocket - INFO - User Guest Player disconnected from waiting room.
2025-05-14 20:54:07,425 - websocket - INFO - User Guest Player disconnected from waiting room.
2025-05-14 20:54:11,665 - websocket - INFO - User Guest Player (68249cb32b0014707e8bb674) connected to waiting room.
2025-05-14 20:54:11,691 - websocket - INFO - User Guest Player (68249fda2b0014707e8bb677) connected to waiting room.
2025-05-14 20:54:12,520 - websocket - INFO - User Guest Player (68249fda2b0014707e8bb677) connected to waiting room.
2025-05-14 20:54:12,576 - websocket - INFO - User Guest Player (68249cb32b0014707e8bb674) connected to waiting room.
2025-05-14 20:55:37,358 - websocket - INFO - User Guest Player disconnected from waiting room.
2025-05-14 20:55:37,363 - websocket - INFO - User Guest Player disconnected from waiting room.
2025-05-14 20:55:39,845 - websocket - INFO - User Guest Player (68249cb32b0014707e8bb674) connected to waiting room.
2025-05-14 20:55:39,938 - websocket - INFO - User Guest Player (68249fda2b0014707e8bb677) connected to waiting room.
2025-05-14 20:55:41,693 - websocket - INFO - User Guest Player (68249cb32b0014707e8bb674) connected to waiting room.
2025-05-14 20:55:41,710 - websocket - INFO - User Guest Player (68249fda2b0014707e8bb677) connected to waiting room.
2025-05-14 20:58:27,570 - websocket - INFO - User Guest Player disconnected from waiting room.
2025-05-14 20:58:27,572 - websocket - INFO - User Guest Player disconnected from waiting room.
2025-05-14 20:58:28,803 - websocket - INFO - User Guest Player (68249cb32b0014707e8bb674) connected to waiting room.
2025-05-14 20:58:29,114 - websocket - INFO - User Guest Player (68249fda2b0014707e8bb677) connected to waiting room.
2025-05-14 20:58:31,676 - websocket - INFO - User Guest Player (68249cb32b0014707e8bb674) connected to waiting room.
2025-05-14 20:58:31,704 - websocket - INFO - User Guest Player (68249fda2b0014707e8bb677) connected to waiting room.
2025-05-14 20:58:54,163 - websocket - INFO - User Guest Player disconnected from waiting room.
2025-05-14 20:58:56,571 - websocket - INFO - User Guest Player (68249cb32b0014707e8bb674) connected to waiting room.
2025-05-14 21:00:19,661 - websocket - INFO - User Guest Player disconnected from waiting room.
2025-05-14 21:00:22,324 - websocket - INFO - User Guest Player (68249cb32b0014707e8bb674) connected to waiting room.
2025-05-14 21:01:07,271 - websocket - INFO - User Guest Player disconnected from waiting room.
2025-05-14 21:01:09,448 - websocket - INFO - User Guest Player (68249cb32b0014707e8bb674) connected to waiting room.
2025-05-14 21:01:17,707 - websocket - INFO - User Guest Player disconnected from waiting room.
2025-05-14 21:01:20,373 - websocket - INFO - User Guest Player (68249fda2b0014707e8bb677) connected to waiting room.
2025-05-14 21:03:36,852 - websocket - INFO - User Guest Player disconnected from waiting room.
2025-05-14 21:03:39,340 - websocket - INFO - User Guest Player (68249cb32b0014707e8bb674) connected to waiting room.
2025-05-14 21:09:56,589 - websocket - INFO - User Guest Player disconnected from waiting room.
2025-05-14 21:09:59,269 - websocket - INFO - User Guest Player (68249cb32b0014707e8bb674) connected to waiting room.
2025-05-14 21:10:24,201 - websocket - INFO - User Guest Player disconnected from waiting room.
2025-05-14 21:10:26,631 - websocket - INFO - User facebookmangxahoi22 (68249cb32b0014707e8bb674) connected to waiting room.
2025-05-14 21:10:42,946 - websocket - INFO - User facebookmangxahoi22 disconnected from waiting room.
2025-05-14 21:10:46,690 - websocket - INFO - User facebookmangxahoi22 (68249cb32b0014707e8bb674) connected to waiting room.
2025-05-14 21:11:17,925 - websocket - INFO - User facebookmangxahoi22 disconnected from waiting room.
2025-05-14 21:11:20,101 - websocket - INFO - User facebookmangxahoi22 (68249cb32b0014707e8bb674) connected to waiting room.
2025-05-14 21:11:31,591 - websocket - INFO - User Guest Player disconnected from waiting room.
2025-05-14 21:11:34,126 - websocket - INFO - User Guest Player (68249fda2b0014707e8bb677) connected to waiting room.
2025-05-14 21:13:33,797 - websocket - INFO - User facebookmangxahoi22 disconnected from waiting room.
2025-05-14 21:13:36,018 - websocket - INFO - User facebookmangxahoi22 (68249cb32b0014707e8bb674) connected to waiting room.
2025-05-14 21:13:48,829 - websocket - INFO - User Guest Player disconnected from waiting room.
2025-05-14 21:13:51,275 - websocket - INFO - User Guest Player (68249fda2b0014707e8bb677) connected to waiting room.
2025-05-14 21:16:21,433 - websocket - INFO - User facebookmangxahoi22 disconnected from waiting room.
2025-05-14 21:16:24,963 - websocket - INFO - User facebookmangxahoi22 (68249cb32b0014707e8bb674) connected to waiting room.
2025-05-14 21:16:45,335 - websocket - INFO - User facebookmangxahoi22 disconnected from waiting room.
2025-05-14 21:23:43,037 - websocket - INFO - User Guest Player disconnected from waiting room.
2025-05-14 21:23:44,540 - websocket - INFO - User Guest Player (68249fda2b0014707e8bb677) connected to waiting room.
2025-05-14 21:23:46,677 - websocket - INFO - User Guest Player (68249fda2b0014707e8bb677) connected to waiting room.
2025-05-14 21:24:21,619 - websocket - INFO - User Guest Player disconnected from waiting room.
2025-05-14 21:24:22,468 - websocket - INFO - User Guest Player (68249fda2b0014707e8bb677) connected to waiting room.
2025-05-14 21:24:23,056 - websocket - INFO - User Guest Player disconnected from waiting room.
2025-05-14 21:24:23,886 - websocket - INFO - User Guest Player (68249fda2b0014707e8bb677) connected to waiting room.
2025-05-14 21:24:25,693 - websocket - INFO - User Guest Player (68249fda2b0014707e8bb677) connected to waiting room.
2025-05-14 21:24:26,708 - websocket - INFO - User Guest Player (68249fda2b0014707e8bb677) connected to waiting room.
2025-05-14 21:25:00,740 - websocket - INFO - User Guest Player disconnected from waiting room.
2025-05-14 21:25:03,053 - websocket - INFO - User Guest Player (68249fda2b0014707e8bb677) connected to waiting room.
2025-05-14 21:25:04,668 - websocket - INFO - User Guest Player (68249fda2b0014707e8bb677) connected to waiting room.
2025-05-14 21:25:04,846 - websocket - INFO - User Guest Player disconnected from waiting room.
2025-05-14 21:25:05,640 - websocket - INFO - User Guest Player (68249fda2b0014707e8bb677) connected to waiting room.
2025-05-14 21:25:05,668 - websocket - INFO - User Guest Player (68249fda2b0014707e8bb677) connected to waiting room.
2025-05-14 21:25:08,670 - websocket - INFO - User Guest Player (68249fda2b0014707e8bb677) connected to waiting room.
2025-05-14 21:25:22,695 - websocket - INFO - User facebookmangxahoi22 (68249cb32b0014707e8bb674) connected to waiting room.
2025-05-14 21:26:25,890 - websocket - INFO - User Guest Player disconnected from waiting room.
2025-05-14 21:26:25,900 - websocket - INFO - User facebookmangxahoi22 disconnected from waiting room.
2025-05-14 21:26:27,931 - websocket - INFO - User Guest Player (68249fda2b0014707e8bb677) connected to waiting room.
2025-05-14 21:26:29,674 - websocket - INFO - User Guest Player (68249fda2b0014707e8bb677) connected to waiting room.
2025-05-14 21:26:29,680 - websocket - INFO - User facebookmangxahoi22 (68249cb32b0014707e8bb674) connected to waiting room.
2025-05-14 21:26:30,662 - websocket - INFO - User Guest Player (68249fda2b0014707e8bb677) connected to waiting room.
2025-05-14 21:26:40,818 - websocket - INFO - User Guest Player disconnected from waiting room.
2025-05-14 21:26:41,507 - websocket - INFO - User Guest Player (68249fda2b0014707e8bb677) connected to waiting room.
2025-05-14 21:26:44,669 - websocket - INFO - User Guest Player (68249fda2b0014707e8bb677) connected to waiting room.
2025-05-14 21:27:03,055 - websocket - INFO - User facebookmangxahoi22 disconnected from waiting room.
2025-05-14 21:27:19,022 - websocket - INFO - User Guest Player (6824a8450cf5c7cc9bc0bc7a) connected to waiting room.
2025-05-14 21:27:25,570 - websocket - INFO - User Guest Player disconnected from waiting room.
2025-05-14 21:27:28,867 - websocket - INFO - User Guest Player (6824a8500cf5c7cc9bc0bc7d) connected to waiting room.
2025-05-14 21:27:32,577 - websocket - INFO - User Guest Player disconnected from waiting room.
2025-05-14 21:27:32,613 - websocket - INFO - User Guest Player disconnected from waiting room.
2025-05-14 21:27:42,523 - websocket - INFO - User Guest Player (6824a8450cf5c7cc9bc0bc7a) connected to waiting room.
2025-05-14 21:27:43,249 - websocket - INFO - User Guest Player (6824a8500cf5c7cc9bc0bc7d) connected to waiting room.
2025-05-14 21:27:51,604 - websocket - INFO - User Guest Player disconnected from waiting room.
2025-05-14 21:27:51,685 - websocket - INFO - User Guest Player disconnected from waiting room.
2025-05-14 21:27:53,470 - websocket - INFO - User Guest Player (6824a84c0cf5c7cc9bc0bc7c) connected to waiting room.
2025-05-14 21:27:53,661 - websocket - INFO - User Guest Player (6824a8500cf5c7cc9bc0bc7d) connected to waiting room.
2025-05-14 21:27:55,074 - websocket - INFO - User Guest Player disconnected from waiting room.
2025-05-14 21:27:55,085 - websocket - INFO - User Guest Player disconnected from waiting room.
2025-05-14 21:27:55,692 - websocket - INFO - User Guest Player (6824a8450cf5c7cc9bc0bc7a) connected to waiting room.
2025-05-14 21:27:55,712 - websocket - INFO - User Guest Player (6824a8500cf5c7cc9bc0bc7d) connected to waiting room.
2025-05-14 21:27:58,672 - websocket - INFO - User Guest Player (6824a84c0cf5c7cc9bc0bc7c) connected to waiting room.
2025-05-14 21:27:58,698 - websocket - INFO - User Guest Player (6824a8500cf5c7cc9bc0bc7d) connected to waiting room.
2025-05-14 21:28:29,414 - websocket - INFO - User Guest Player disconnected from waiting room.
2025-05-14 21:28:29,415 - websocket - INFO - User Guest Player disconnected from waiting room.
2025-05-14 21:28:49,831 - websocket - INFO - User Guest Player (6824a8a03d17235ce53148a1) connected to waiting room.
2025-05-14 21:28:57,272 - websocket - INFO - User Guest Player disconnected from waiting room.
2025-05-14 21:29:11,134 - websocket - INFO - User Guest Player disconnected from waiting room.
2025-05-14 21:29:18,744 - websocket - INFO - User Guest Player (6824a8500cf5c7cc9bc0bc7d) connected to waiting room.
2025-05-14 21:29:20,687 - websocket - INFO - User Guest Player (6824a8500cf5c7cc9bc0bc7d) connected to waiting room.
2025-05-14 21:29:21,472 - websocket - INFO - User Guest Player (6824a8c098092015954b7a29) connected to waiting room.
2025-05-14 21:29:26,748 - websocket - INFO - User Guest Player disconnected from waiting room.
2025-05-14 21:29:29,042 - websocket - INFO - User Guest Player (6824a8c098092015954b7a29) connected to waiting room.
2025-05-14 21:29:42,677 - websocket - INFO - User Guest Player disconnected from waiting room.
2025-05-14 21:29:46,657 - websocket - INFO - User Guest Player (6824a8c098092015954b7a29) connected to waiting room.
2025-05-14 21:29:49,067 - websocket - INFO - User Guest Player disconnected from waiting room.
2025-05-14 21:29:56,967 - websocket - INFO - User Guest Player disconnected from waiting room.
2025-05-14 21:30:03,227 - websocket - INFO - User Guest Player (6824a8500cf5c7cc9bc0bc7d) connected to waiting room.
2025-05-14 21:30:06,969 - websocket - INFO - User Guest Player (6824a8500cf5c7cc9bc0bc7d) connected to waiting room.
2025-05-14 21:30:14,894 - websocket - INFO - User Guest Player (6824a8f5355eb83b8e08f56b) connected to waiting room.
2025-05-14 21:30:32,036 - websocket - INFO - User Guest Player disconnected from waiting room.
2025-05-14 21:30:32,042 - websocket - INFO - User Guest Player disconnected from waiting room.
2025-05-14 21:33:06,209 - websocket - INFO - User Guest Player (6824a8500cf5c7cc9bc0bc7d) connected to waiting room.
2025-05-14 21:33:06,383 - websocket - INFO - User Guest Player (6824a8500cf5c7cc9bc0bc7d) connected to waiting room.
2025-05-14 21:33:13,393 - websocket - INFO - User Guest Player (6824a9a8def7ab652a027ea5) connected to waiting room.
2025-05-14 21:33:19,456 - websocket - INFO - User Guest Player disconnected from waiting room.
2025-05-14 21:33:21,627 - websocket - INFO - User Guest Player (6824a9aadef7ab652a027ea6) connected to waiting room.
2025-05-14 21:33:31,334 - websocket - INFO - User Guest Player disconnected from waiting room.
2025-05-14 21:33:33,097 - websocket - INFO - User Guest Player (6824a9aadef7ab652a027ea6) connected to waiting room.
2025-05-14 21:33:37,384 - websocket - INFO - User Guest Player disconnected from waiting room.
2025-05-14 21:33:43,156 - websocket - INFO - User Guest Player (6824a9c5def7ab652a027ea9) connected to waiting room.
2025-05-14 21:33:57,936 - websocket - INFO - User Guest Player disconnected from waiting room.
2025-05-14 21:33:59,707 - websocket - INFO - User Guest Player (6824a9aadef7ab652a027ea6) connected to waiting room.
2025-05-14 21:34:03,579 - websocket - INFO - User Guest Player disconnected from waiting room.
2025-05-14 21:34:06,981 - websocket - INFO - User Guest Player (6824a9aadef7ab652a027ea6) connected to waiting room.
2025-05-14 21:34:08,780 - websocket - INFO - User Guest Player (6824a9aadef7ab652a027ea6) connected to waiting room.
2025-05-14 21:34:43,019 - websocket - INFO - User Guest Player disconnected from waiting room.
2025-05-14 21:34:45,833 - websocket - INFO - User Guest Player (6824a9aadef7ab652a027ea6) connected to waiting room.
2025-05-14 21:36:04,017 - websocket - INFO - User Guest Player disconnected from waiting room.
2025-05-14 21:36:08,141 - websocket - INFO - User Guest Player (6824aa56def7ab652a027eab) connected to waiting room.
2025-05-14 21:36:21,442 - websocket - INFO - User Guest Player disconnected from waiting room.
2025-05-14 21:36:37,003 - websocket - INFO - User Guest Player disconnected from waiting room.
2025-05-14 21:36:41,973 - websocket - INFO - User Guest Player (6824aa77def7ab652a027eae) connected to waiting room.
2025-05-14 21:39:29,560 - websocket - INFO - User Guest Player disconnected from waiting room.
2025-05-14 21:39:30,380 - websocket - INFO - User Guest Player (6824aa77def7ab652a027eae) connected to waiting room.
2025-05-14 21:39:33,675 - websocket - INFO - User Guest Player (6824aa77def7ab652a027eae) connected to waiting room.
2025-05-14 21:40:09,474 - websocket - INFO - User Guest Player disconnected from waiting room.
2025-05-14 21:40:12,067 - websocket - INFO - User Guest Player (6824ab4bdef7ab652a027eb0) connected to waiting room.
2025-05-14 21:40:40,975 - websocket - INFO - User Guest Player disconnected from waiting room.
2025-05-14 21:40:43,061 - websocket - INFO - User facebookmangxahoi22 (6824ab4bdef7ab652a027eb0) connected to waiting room.
2025-05-14 21:40:56,214 - websocket - INFO - User facebookmangxahoi22 disconnected from waiting room.
2025-05-14 21:40:59,635 - websocket - INFO - User facebookmangxahoi22 (6824ab4bdef7ab652a027eb0) connected to waiting room.
2025-05-14 21:41:03,863 - websocket - INFO - User facebookmangxahoi22 (6824ab4bdef7ab652a027eb0) connected to waiting room.
2025-05-14 21:43:18,074 - websocket - ERROR - User not found for id: 68249cb32b0014707e8bb674
2025-05-14 21:43:18,076 - websocket - ERROR - WebSocket error: Cannot call "send" once a close message has been sent.
2025-05-14 21:43:18,077 - websocket - INFO - User 68249cb32b0014707e8bb674 disconnected from waiting room.
2025-05-14 21:43:26,025 - websocket - INFO - User facebookmangxahoi22 disconnected from waiting room.
2025-05-14 21:43:27,772 - websocket - INFO - User facebookmangxahoi22 (6824ab4bdef7ab652a027eb0) connected to waiting room.
2025-05-14 21:44:34,421 - websocket - INFO - User facebookmangxahoi22 disconnected from waiting room.
2025-05-14 21:46:43,829 - websocket - INFO - User facebookmangxahoi22 (6824ab4bdef7ab652a027eb0) connected to waiting room.
2025-05-14 21:46:48,938 - websocket - INFO - User facebookmangxahoi22 disconnected from waiting room.
